C:\USERS\SHRUTI\DOCUMENTS\VISUAL STUDIO 2012\PROJECTS\CONSOLEAPPLICATION2\CONSOLEAPPLICATION2\DEBUG\SOURCE.OBJ
C:\USERS\SHRUTI\DOCUMENTS\VISUAL STUDIO 2012\PROJECTS\CONSOLEAPPLICATION2\CONSOLEAPPLICATION2\DEBUG\VC110.PDB
C:\USERS\SHRUTI\DOCUMENTS\VISUAL STUDIO 2012\PROJECTS\CONSOLEAPPLICATION2\CONSOLEAPPLICATION2\DEBUG\CONVSHAPE.OBJ
C:\USERS\SHRUTI\DOCUMENTS\VISUAL STUDIO 2012\PROJECTS\CONSOLEAPPLICATION2\CONSOLEAPPLICATION2\DEBUG\ERR.OBJ
C:\USERS\SHRUTI\DOCUMENTS\VISUAL STUDIO 2012\PROJECTS\CONSOLEAPPLICATION2\CONSOLEAPPLICATION2\DEBUG\EYEDET.OBJ
C:\USERS\SHRUTI\DOCUMENTS\VISUAL STUDIO 2012\PROJECTS\CONSOLEAPPLICATION2\CONSOLEAPPLICATION2\DEBUG\EYEDIST.OBJ
C:\USERS\SHRUTI\DOCUMENTS\VISUAL STUDIO 2012\PROJECTS\CONSOLEAPPLICATION2\CONSOLEAPPLICATION2\DEBUG\FACEROI.OBJ
C:\USERS\SHRUTI\DOCUMENTS\VISUAL STUDIO 2012\PROJECTS\CONSOLEAPPLICATION2\CONSOLEAPPLICATION2\DEBUG\HAT.OBJ
C:\USERS\SHRUTI\DOCUMENTS\VISUAL STUDIO 2012\PROJECTS\CONSOLEAPPLICATION2\CONSOLEAPPLICATION2\DEBUG\HATDESC.OBJ
C:\USERS\SHRUTI\DOCUMENTS\VISUAL STUDIO 2012\PROJECTS\CONSOLEAPPLICATION2\CONSOLEAPPLICATION2\DEBUG\LANDMARKS.OBJ
C:\USERS\SHRUTI\DOCUMENTS\VISUAL STUDIO 2012\PROJECTS\CONSOLEAPPLICATION2\CONSOLEAPPLICATION2\DEBUG\MISC.OBJ
C:\USERS\SHRUTI\DOCUMENTS\VISUAL STUDIO 2012\PROJECTS\CONSOLEAPPLICATION2\CONSOLEAPPLICATION2\DEBUG\FACEDET.OBJ
C:\USERS\SHRUTI\DOCUMENTS\VISUAL STUDIO 2012\PROJECTS\CONSOLEAPPLICATION2\CONSOLEAPPLICATION2\DEBUG\INITASM.OBJ
C:\USERS\SHRUTI\DOCUMENTS\VISUAL STUDIO 2012\PROJECTS\CONSOLEAPPLICATION2\CONSOLEAPPLICATION2\DEBUG\PINSTART.OBJ
C:\USERS\SHRUTI\DOCUMENTS\VISUAL STUDIO 2012\PROJECTS\CONSOLEAPPLICATION2\CONSOLEAPPLICATION2\DEBUG\PRINT.OBJ
C:\USERS\SHRUTI\DOCUMENTS\VISUAL STUDIO 2012\PROJECTS\CONSOLEAPPLICATION2\CONSOLEAPPLICATION2\DEBUG\SHAPE17.OBJ
C:\USERS\SHRUTI\DOCUMENTS\VISUAL STUDIO 2012\PROJECTS\CONSOLEAPPLICATION2\CONSOLEAPPLICATION2\DEBUG\SHAPEHACKS.OBJ
C:\USERS\SHRUTI\DOCUMENTS\VISUAL STUDIO 2012\PROJECTS\CONSOLEAPPLICATION2\CONSOLEAPPLICATION2\DEBUG\SHAPEMOD.OBJ
C:\USERS\SHRUTI\DOCUMENTS\VISUAL STUDIO 2012\PROJECTS\CONSOLEAPPLICATION2\CONSOLEAPPLICATION2\DEBUG\STARTSHAPE.OBJ
C:\USERS\SHRUTI\DOCUMENTS\VISUAL STUDIO 2012\PROJECTS\CONSOLEAPPLICATION2\CONSOLEAPPLICATION2\DEBUG\STASM.OBJ
C:\USERS\SHRUTI\DOCUMENTS\VISUAL STUDIO 2012\PROJECTS\CONSOLEAPPLICATION2\CONSOLEAPPLICATION2\DEBUG\STASM_LIB.OBJ
C:\USERS\SHRUTI\DOCUMENTS\VISUAL STUDIO 2012\PROJECTS\CONSOLEAPPLICATION2\CONSOLEAPPLICATION2\DEBUG\MINIMAL.OBJ
C:\USERS\SHRUTI\DOCUMENTS\VISUAL STUDIO 2012\PROJECTS\CONSOLEAPPLICATION2\CONSOLEAPPLICATION2\DEBUG\ASM.OBJ
C:\USERS\SHRUTI\DOCUMENTS\VISUAL STUDIO 2012\PROJECTS\CONSOLEAPPLICATION2\CONSOLEAPPLICATION2\DEBUG\CLASSICDESC.OBJ
C:\USERS\SHRUTI\DOCUMENTS\VISUAL STUDIO 2012\PROJECTS\CONSOLEAPPLICATION2\CONSOLEAPPLICATION2\DEBUG\FACEDETECTION.OBJ
C:\USERS\SHRUTI\DOCUMENTS\VISUAL STUDIO 2012\PROJECTS\CONSOLEAPPLICATION2\CONSOLEAPPLICATION2\DEBUG\SOURCE1.OBJ
C:\USERS\SHRUTI\DOCUMENTS\VISUAL STUDIO 2012\PROJECTS\CONSOLEAPPLICATION2\CONSOLEAPPLICATION2\DEBUG\SOURCE2.OBJ
C:\USERS\SHRUTI\DOCUMENTS\VISUAL STUDIO 2012\PROJECTS\CONSOLEAPPLICATION2\CONSOLEAPPLICATION2\DEBUG\SVMCLASSIFIER.OBJ
C:\USERS\SHRUTI\DOCUMENTS\VISUAL STUDIO 2012\PROJECTS\CONSOLEAPPLICATION2\DEBUG\CONSOLEAPPLICATION2.ILK
C:\USERS\SHRUTI\DOCUMENTS\VISUAL STUDIO 2012\PROJECTS\CONSOLEAPPLICATION2\DEBUG\CONSOLEAPPLICATION2.EXE
C:\USERS\SHRUTI\DOCUMENTS\VISUAL STUDIO 2012\PROJECTS\CONSOLEAPPLICATION2\DEBUG\CONSOLEAPPLICATION2.PDB
C:\Users\Shruti\documents\visual studio 2012\Projects\ConsoleApplication2\ConsoleApplication2\Debug\asm.obj
C:\Users\Shruti\documents\visual studio 2012\Projects\ConsoleApplication2\ConsoleApplication2\Debug\classicdesc.obj
C:\Users\Shruti\documents\visual studio 2012\Projects\ConsoleApplication2\ConsoleApplication2\Debug\convshape.obj
C:\Users\Shruti\documents\visual studio 2012\Projects\ConsoleApplication2\ConsoleApplication2\Debug\err.obj
C:\Users\Shruti\documents\visual studio 2012\Projects\ConsoleApplication2\ConsoleApplication2\Debug\eyedet.obj
C:\Users\Shruti\documents\visual studio 2012\Projects\ConsoleApplication2\ConsoleApplication2\Debug\eyedist.obj
C:\Users\Shruti\documents\visual studio 2012\Projects\ConsoleApplication2\ConsoleApplication2\Debug\facedet.obj
C:\Users\Shruti\documents\visual studio 2012\Projects\ConsoleApplication2\ConsoleApplication2\Debug\facedetection.obj
C:\Users\Shruti\documents\visual studio 2012\Projects\ConsoleApplication2\ConsoleApplication2\Debug\faceroi.obj
C:\Users\Shruti\documents\visual studio 2012\Projects\ConsoleApplication2\ConsoleApplication2\Debug\hat.obj
C:\Users\Shruti\documents\visual studio 2012\Projects\ConsoleApplication2\ConsoleApplication2\Debug\hatdesc.obj
C:\Users\Shruti\documents\visual studio 2012\Projects\ConsoleApplication2\ConsoleApplication2\Debug\initasm.obj
C:\Users\Shruti\documents\visual studio 2012\Projects\ConsoleApplication2\ConsoleApplication2\Debug\landmarks.obj
C:\Users\Shruti\documents\visual studio 2012\Projects\ConsoleApplication2\ConsoleApplication2\Debug\minimal.obj
C:\Users\Shruti\documents\visual studio 2012\Projects\ConsoleApplication2\ConsoleApplication2\Debug\misc.obj
C:\Users\Shruti\documents\visual studio 2012\Projects\ConsoleApplication2\ConsoleApplication2\Debug\pinstart.obj
C:\Users\Shruti\documents\visual studio 2012\Projects\ConsoleApplication2\ConsoleApplication2\Debug\print.obj
C:\Users\Shruti\documents\visual studio 2012\Projects\ConsoleApplication2\ConsoleApplication2\Debug\shape17.obj
C:\Users\Shruti\documents\visual studio 2012\Projects\ConsoleApplication2\ConsoleApplication2\Debug\shapehacks.obj
C:\Users\Shruti\documents\visual studio 2012\Projects\ConsoleApplication2\ConsoleApplication2\Debug\shapemod.obj
C:\Users\Shruti\documents\visual studio 2012\Projects\ConsoleApplication2\ConsoleApplication2\Debug\Source.obj
C:\Users\Shruti\documents\visual studio 2012\Projects\ConsoleApplication2\ConsoleApplication2\Debug\Source1.obj
C:\Users\Shruti\documents\visual studio 2012\Projects\ConsoleApplication2\ConsoleApplication2\Debug\startshape.obj
C:\Users\Shruti\documents\visual studio 2012\Projects\ConsoleApplication2\ConsoleApplication2\Debug\stasm.obj
C:\Users\Shruti\documents\visual studio 2012\Projects\ConsoleApplication2\ConsoleApplication2\Debug\stasm_lib.obj
C:\Users\Shruti\documents\visual studio 2012\Projects\ConsoleApplication2\ConsoleApplication2\Debug\svmClassifier.obj
C:\Users\Shruti\documents\visual studio 2012\Projects\ConsoleApplication2\ConsoleApplication2\Debug\cl.command.1.tlog
C:\Users\Shruti\documents\visual studio 2012\Projects\ConsoleApplication2\ConsoleApplication2\Debug\CL.read.1.tlog
C:\Users\Shruti\documents\visual studio 2012\Projects\ConsoleApplication2\ConsoleApplication2\Debug\CL.write.1.tlog
C:\Users\Shruti\documents\visual studio 2012\Projects\ConsoleApplication2\ConsoleApplication2\Debug\link-cvtres.read.1.tlog
C:\Users\Shruti\documents\visual studio 2012\Projects\ConsoleApplication2\ConsoleApplication2\Debug\link-cvtres.write.1.tlog
C:\Users\Shruti\documents\visual studio 2012\Projects\ConsoleApplication2\ConsoleApplication2\Debug\link-rc.read.1.tlog
C:\Users\Shruti\documents\visual studio 2012\Projects\ConsoleApplication2\ConsoleApplication2\Debug\link-rc.write.1.tlog
C:\Users\Shruti\documents\visual studio 2012\Projects\ConsoleApplication2\ConsoleApplication2\Debug\link.2960-cvtres.read.1.tlog
C:\Users\Shruti\documents\visual studio 2012\Projects\ConsoleApplication2\ConsoleApplication2\Debug\link.2960-cvtres.write.1.tlog
C:\Users\Shruti\documents\visual studio 2012\Projects\ConsoleApplication2\ConsoleApplication2\Debug\link.2960-rc.read.1.tlog
C:\Users\Shruti\documents\visual studio 2012\Projects\ConsoleApplication2\ConsoleApplication2\Debug\link.2960-rc.write.1.tlog
C:\Users\Shruti\documents\visual studio 2012\Projects\ConsoleApplication2\ConsoleApplication2\Debug\link.2960.read.1.tlog
C:\Users\Shruti\documents\visual studio 2012\Projects\ConsoleApplication2\ConsoleApplication2\Debug\link.2960.write.1.tlog
C:\Users\Shruti\documents\visual studio 2012\Projects\ConsoleApplication2\ConsoleApplication2\Debug\link.3012-cvtres.read.1.tlog
C:\Users\Shruti\documents\visual studio 2012\Projects\ConsoleApplication2\ConsoleApplication2\Debug\link.3012-cvtres.write.1.tlog
C:\Users\Shruti\documents\visual studio 2012\Projects\ConsoleApplication2\ConsoleApplication2\Debug\link.3012-rc.read.1.tlog
C:\Users\Shruti\documents\visual studio 2012\Projects\ConsoleApplication2\ConsoleApplication2\Debug\link.3012-rc.write.1.tlog
C:\Users\Shruti\documents\visual studio 2012\Projects\ConsoleApplication2\ConsoleApplication2\Debug\link.3012.read.1.tlog
C:\Users\Shruti\documents\visual studio 2012\Projects\ConsoleApplication2\ConsoleApplication2\Debug\link.3012.write.1.tlog
C:\Users\Shruti\documents\visual studio 2012\Projects\ConsoleApplication2\ConsoleApplication2\Debug\link.3860-cvtres.read.1.tlog
C:\Users\Shruti\documents\visual studio 2012\Projects\ConsoleApplication2\ConsoleApplication2\Debug\link.3860-cvtres.write.1.tlog
C:\Users\Shruti\documents\visual studio 2012\Projects\ConsoleApplication2\ConsoleApplication2\Debug\link.3860-rc.read.1.tlog
C:\Users\Shruti\documents\visual studio 2012\Projects\ConsoleApplication2\ConsoleApplication2\Debug\link.3860-rc.write.1.tlog
C:\Users\Shruti\documents\visual studio 2012\Projects\ConsoleApplication2\ConsoleApplication2\Debug\link.3860.read.1.tlog
C:\Users\Shruti\documents\visual studio 2012\Projects\ConsoleApplication2\ConsoleApplication2\Debug\link.3860.write.1.tlog
C:\Users\Shruti\documents\visual studio 2012\Projects\ConsoleApplication2\ConsoleApplication2\Debug\link.3984-cvtres.read.1.tlog
C:\Users\Shruti\documents\visual studio 2012\Projects\ConsoleApplication2\ConsoleApplication2\Debug\link.3984-cvtres.write.1.tlog
C:\Users\Shruti\documents\visual studio 2012\Projects\ConsoleApplication2\ConsoleApplication2\Debug\link.3984-rc.read.1.tlog
C:\Users\Shruti\documents\visual studio 2012\Projects\ConsoleApplication2\ConsoleApplication2\Debug\link.3984-rc.write.1.tlog
C:\Users\Shruti\documents\visual studio 2012\Projects\ConsoleApplication2\ConsoleApplication2\Debug\link.3984.read.1.tlog
C:\Users\Shruti\documents\visual studio 2012\Projects\ConsoleApplication2\ConsoleApplication2\Debug\link.3984.write.1.tlog
C:\Users\Shruti\documents\visual studio 2012\Projects\ConsoleApplication2\ConsoleApplication2\Debug\link.5652-cvtres.read.1.tlog
C:\Users\Shruti\documents\visual studio 2012\Projects\ConsoleApplication2\ConsoleApplication2\Debug\link.5652-cvtres.write.1.tlog
C:\Users\Shruti\documents\visual studio 2012\Projects\ConsoleApplication2\ConsoleApplication2\Debug\link.5652-rc.read.1.tlog
C:\Users\Shruti\documents\visual studio 2012\Projects\ConsoleApplication2\ConsoleApplication2\Debug\link.5652-rc.write.1.tlog
C:\Users\Shruti\documents\visual studio 2012\Projects\ConsoleApplication2\ConsoleApplication2\Debug\link.5652.read.1.tlog
C:\Users\Shruti\documents\visual studio 2012\Projects\ConsoleApplication2\ConsoleApplication2\Debug\link.5652.write.1.tlog
C:\Users\Shruti\documents\visual studio 2012\Projects\ConsoleApplication2\ConsoleApplication2\Debug\link.6544-cvtres.read.1.tlog
C:\Users\Shruti\documents\visual studio 2012\Projects\ConsoleApplication2\ConsoleApplication2\Debug\link.6544-cvtres.write.1.tlog
C:\Users\Shruti\documents\visual studio 2012\Projects\ConsoleApplication2\ConsoleApplication2\Debug\link.6544-rc.read.1.tlog
C:\Users\Shruti\documents\visual studio 2012\Projects\ConsoleApplication2\ConsoleApplication2\Debug\link.6544-rc.write.1.tlog
C:\Users\Shruti\documents\visual studio 2012\Projects\ConsoleApplication2\ConsoleApplication2\Debug\link.6544.read.1.tlog
C:\Users\Shruti\documents\visual studio 2012\Projects\ConsoleApplication2\ConsoleApplication2\Debug\link.6544.write.1.tlog
C:\Users\Shruti\documents\visual studio 2012\Projects\ConsoleApplication2\ConsoleApplication2\Debug\link.7312-cvtres.read.1.tlog
C:\Users\Shruti\documents\visual studio 2012\Projects\ConsoleApplication2\ConsoleApplication2\Debug\link.7312-cvtres.write.1.tlog
C:\Users\Shruti\documents\visual studio 2012\Projects\ConsoleApplication2\ConsoleApplication2\Debug\link.7312-rc.read.1.tlog
C:\Users\Shruti\documents\visual studio 2012\Projects\ConsoleApplication2\ConsoleApplication2\Debug\link.7312-rc.write.1.tlog
C:\Users\Shruti\documents\visual studio 2012\Projects\ConsoleApplication2\ConsoleApplication2\Debug\link.7312.read.1.tlog
C:\Users\Shruti\documents\visual studio 2012\Projects\ConsoleApplication2\ConsoleApplication2\Debug\link.7312.write.1.tlog
C:\Users\Shruti\documents\visual studio 2012\Projects\ConsoleApplication2\ConsoleApplication2\Debug\link.command.1.tlog
C:\Users\Shruti\documents\visual studio 2012\Projects\ConsoleApplication2\ConsoleApplication2\Debug\link.read.1.tlog
C:\Users\Shruti\documents\visual studio 2012\Projects\ConsoleApplication2\ConsoleApplication2\Debug\link.write.1.tlog
C:\Users\Shruti\documents\visual studio 2012\Projects\ConsoleApplication2\ConsoleApplication2\Debug\vc110.idb
C:\Users\Shruti\documents\visual studio 2012\Projects\ConsoleApplication2\ConsoleApplication2\Debug\vc110.pdb
C:\Users\Shruti\documents\visual studio 2012\Projects\ConsoleApplication2\Debug\ConsoleApplication2.pdb
C:\Users\Shruti\documents\visual studio 2012\Projects\ConsoleApplication2\Debug\ConsoleApplication2.exe
C:\Users\Shruti\documents\visual studio 2012\Projects\ConsoleApplication2\Debug\ConsoleApplication2.ilk
