Build started 5/9/2016 3:58:04 PM.
     1>Project "C:\Users\Shruti\documents\visual studio 2012\Projects\ConsoleApplication2\ConsoleApplication2\ConsoleApplication2.vcxproj" on node 2 (Build target(s)).
     1>ClCompile:
         C:\Program Files (x86)\Microsoft Visual Studio 11.0\VC\bin\CL.exe /c /I"C:\Users\Shruti\Documents\Visual Studio 2012\Projects\ConsoleApplication2\ml" /IC:\stasm4.1.0\stasm4.1.0\stasm /IC:\opencv\build\include /ZI /nologo /W3 /WX- /Od /Oy- /D WIN32 /D _DEBUG /D _CONSOLE /D _UNICODE /D UNICODE /Gm /EHsc /RTC1 /MDd /GS /fp:precise /Zc:wchar_t /Zc:forScope /Fo"Debug\\" /Fd"Debug\vc110.pdb" /Gd /TP /analyze- /errorReport:prompt Source2.cpp
         Source2.cpp
     1>c:\opencv\build\include\opencv2\flann\logger.h(66): warning C4996: 'fopen': This function or variable may be unsafe. Consider using fopen_s instead. To disable deprecation, use _CRT_SECURE_NO_WARNINGS. See online help for details.
                 c:\program files (x86)\microsoft visual studio 11.0\vc\include\stdio.h(218) : see declaration of 'fopen'
     1>c:\users\shruti\documents\visual studio 2012\projects\consoleapplication2\consoleapplication2\source2.cpp(86): warning C4996: 'sprintf': This function or variable may be unsafe. Consider using sprintf_s instead. To disable deprecation, use _CRT_SECURE_NO_WARNINGS. See online help for details.
                 c:\program files (x86)\microsoft visual studio 11.0\vc\include\stdio.h(357) : see declaration of 'sprintf'
     1>c:\users\shruti\documents\visual studio 2012\projects\consoleapplication2\consoleapplication2\source2.cpp(147): warning C4244: '=' : conversion from 'int' to 'float', possible loss of data
     1>c:\users\shruti\documents\visual studio 2012\projects\consoleapplication2\consoleapplication2\source2.cpp(148): warning C4244: '=' : conversion from 'int' to 'float', possible loss of data
     1>c:\users\shruti\documents\visual studio 2012\projects\consoleapplication2\consoleapplication2\source2.cpp(155): warning C4244: '=' : conversion from 'int' to 'float', possible loss of data
     1>c:\users\shruti\documents\visual studio 2012\projects\consoleapplication2\consoleapplication2\source2.cpp(156): warning C4244: '=' : conversion from 'int' to 'float', possible loss of data
     1>c:\users\shruti\documents\visual studio 2012\projects\consoleapplication2\consoleapplication2\source2.cpp(162): warning C4244: 'initializing' : conversion from 'float' to 'int', possible loss of data
     1>c:\users\shruti\documents\visual studio 2012\projects\consoleapplication2\consoleapplication2\source2.cpp(163): warning C4244: '=' : conversion from 'int' to 'float', possible loss of data
     1>c:\users\shruti\documents\visual studio 2012\projects\consoleapplication2\consoleapplication2\source2.cpp(165): warning C4244: '=' : conversion from 'float' to 'int', possible loss of data
     1>c:\users\shruti\documents\visual studio 2012\projects\consoleapplication2\consoleapplication2\source2.cpp(166): warning C4244: '=' : conversion from 'int' to 'float', possible loss of data
     1>c:\users\shruti\documents\visual studio 2012\projects\consoleapplication2\consoleapplication2\source2.cpp(173): warning C4244: '=' : conversion from 'int' to 'float', possible loss of data
     1>c:\users\shruti\documents\visual studio 2012\projects\consoleapplication2\consoleapplication2\source2.cpp(174): warning C4244: '=' : conversion from 'int' to 'float', possible loss of data
     1>c:\users\shruti\documents\visual studio 2012\projects\consoleapplication2\consoleapplication2\source2.cpp(176): warning C4244: 'argument' : conversion from 'float' to 'int', possible loss of data
     1>c:\users\shruti\documents\visual studio 2012\projects\consoleapplication2\consoleapplication2\source2.cpp(178): warning C4244: '=' : conversion from 'int' to 'float', possible loss of data
     1>c:\users\shruti\documents\visual studio 2012\projects\consoleapplication2\consoleapplication2\source2.cpp(179): warning C4244: '=' : conversion from 'int' to 'float', possible loss of data
     1>c:\users\shruti\documents\visual studio 2012\projects\consoleapplication2\consoleapplication2\source2.cpp(108): warning C4101: 'pointer' : unreferenced local variable
     1>c:\program files (x86)\microsoft visual studio 11.0\vc\include\xutility(2679): warning C4244: '=' : conversion from 'const int' to 'float', possible loss of data
                 c:\program files (x86)\microsoft visual studio 11.0\vc\include\xutility(2729) : see reference to function template instantiation '_OutIt std::_Fill_n<float*,_Diff,_Ty>(_OutIt,_Diff,const _Ty &)' being compiled
                 with
                 [
                     _OutIt=float *,
                     _Diff=int,
                     _Ty=int
                 ]
                 c:\program files (x86)\microsoft visual studio 11.0\vc\include\xutility(2740) : see reference to function template instantiation '_OutIt std::_Fill_n1<_OutIt,_Diff,_Ty>(_OutIt,_Diff,const _Ty &,std::random_access_iterator_tag)' being compiled
                 with
                 [
                     _OutIt=std::_Array_iterator<float,154>,
                     _Diff=int,
                     _Ty=int
                 ]
                 c:\program files (x86)\microsoft visual studio 11.0\vc\include\xutility(2761) : see reference to function template instantiation '_OutIt std::_Fill_n<_OutIt,_Diff,_Ty>(_OutIt,_Diff,const _Ty &,std::true_type)' being compiled
                 with
                 [
                     _OutIt=std::_Array_iterator<float,154>,
                     _Diff=int,
                     _Ty=int
                 ]
                 c:\program files (x86)\microsoft visual studio 11.0\vc\include\xutility(2772) : see reference to function template instantiation '_OutIt std::fill_n<std::_Array_iterator<_Ty,_Size>,_Diff,int>(_OutIt,_Diff,const int &)' being compiled
                 with
                 [
                     _OutIt=std::_Array_iterator<float,154>,
                     _Ty=float,
                     _Size=154,
                     _Diff=int
                 ]
                 c:\users\shruti\documents\visual studio 2012\projects\consoleapplication2\consoleapplication2\source2.cpp(146) : see reference to function template instantiation '_OutTy *std::fill_n<float,154,int,int>(_OutTy (&)[154],_Diff,const _Ty &)' being compiled
                 with
                 [
                     _OutTy=float,
                     _Diff=int,
                     _Ty=int
                 ]
       Link:
         C:\Program Files (x86)\Microsoft Visual Studio 11.0\VC\bin\link.exe /ERRORREPORT:PROMPT /OUT:"C:\Users\Shruti\documents\visual studio 2012\Projects\ConsoleApplication2\Debug\ConsoleApplication2.exe" /INCREMENTAL /NOLOGO /LIBPATH:C:\stasm4.1.0\stasm4.1.0\stasm /LIBPATH:C:\opencv\build\x86\vc11\lib opencv_calib3d2411d.lib opencv_contrib2411d.lib opencv_core2411d.lib opencv_features2d2411d.lib opencv_flann2411d.lib opencv_gpu2411d.lib opencv_highgui2411d.lib opencv_imgproc2411d.lib opencv_legacy2411d.lib opencv_ml2411d.lib opencv_nonfree2411d.lib opencv_objdetect2411d.lib opencv_ocl2411d.lib opencv_photo2411d.lib opencv_stitching2411d.lib opencv_superres2411d.lib opencv_ts2411d.lib opencv_video2411d.lib opencv_videostab2411d.lib kernel32.lib user32.lib gdi32.lib winspool.lib comdlg32.lib advapi32.lib shell32.lib ole32.lib oleaut32.lib uuid.lib odbc32.lib odbccp32.lib /MANIFEST /MANIFESTUAC:"level='asInvoker' uiAccess='false'" /manifest:embed /DEBUG /PDB:"C:\Users\Shruti\documents\visual studio 2012\Projects\ConsoleApplication2\Debug\ConsoleApplication2.pdb" /SUBSYSTEM:CONSOLE /TLBID:1 /DYNAMICBASE /NXCOMPAT /IMPLIB:"C:\Users\Shruti\documents\visual studio 2012\Projects\ConsoleApplication2\Debug\ConsoleApplication2.lib" /MACHINE:X86 Debug\asm.obj
         Debug\classicdesc.obj
         Debug\convshape.obj
         Debug\err.obj
         Debug\eyedet.obj
         Debug\eyedist.obj
         Debug\faceroi.obj
         Debug\hat.obj
         Debug\hatdesc.obj
         Debug\landmarks.obj
         Debug\misc.obj
         Debug\facedet.obj
         Debug\initasm.obj
         Debug\pinstart.obj
         Debug\print.obj
         Debug\shape17.obj
         Debug\shapehacks.obj
         Debug\shapemod.obj
         Debug\startshape.obj
         Debug\stasm.obj
         Debug\stasm_lib.obj
         Debug\facedetection.obj
         Debug\svmClassifier.obj
         Debug\Source.obj
         Debug\Source1.obj
         Debug\Source2.obj
         ConsoleApplication2.vcxproj -> C:\Users\Shruti\documents\visual studio 2012\Projects\ConsoleApplication2\Debug\ConsoleApplication2.exe
     1>Done Building Project "C:\Users\Shruti\documents\visual studio 2012\Projects\ConsoleApplication2\ConsoleApplication2\ConsoleApplication2.vcxproj" (Build target(s)).

Build succeeded.

Time Elapsed 00:00:02.26
