Build started 5/9/2016 11:59:48 AM.
     1>Project "C:\Users\Shruti\documents\visual studio 2012\Projects\ConsoleApplication2\ConsoleApplication2\ConsoleApplication2.vcxproj" on node 2 (Build target(s)).
     1>Link:
         C:\Program Files (x86)\Microsoft Visual Studio 11.0\VC\bin\x86_amd64\link.exe /ERRORREPORT:PROMPT /OUT:"C:\Users\Shruti\documents\visual studio 2012\Projects\ConsoleApplication2\x64\Debug\ConsoleApplication2.exe" /INCREMENTAL /NOLOGO /LIBPATH:C:\stasm4.1.0\stasm4.1.0\stasm /LIBPATH:C:\opencv\build\x64\vc11\lib opencv_calib3d2411d.lib opencv_contrib2411d.lib opencv_core2411d.lib opencv_features2d2411d.lib opencv_flann2411d.lib opencv_gpu2411d.lib opencv_highgui2411d.lib opencv_imgproc2411d.lib opencv_legacy2411d.lib opencv_ml2411d.lib opencv_nonfree2411d.lib opencv_objdetect2411d.lib opencv_ocl2411d.lib opencv_photo2411d.lib opencv_stitching2411d.lib opencv_superres2411d.lib opencv_ts2411d.lib opencv_video2411d.lib opencv_videostab2411d.lib kernel32.lib user32.lib gdi32.lib winspool.lib comdlg32.lib advapi32.lib shell32.lib ole32.lib oleaut32.lib uuid.lib odbc32.lib odbccp32.lib /MANIFEST /MANIFESTUAC:"level='asInvoker' uiAccess='false'" /manifest:embed /DEBUG /PDB:"C:\Users\Shruti\documents\visual studio 2012\Projects\ConsoleApplication2\x64\Debug\ConsoleApplication2.pdb" /SUBSYSTEM:CONSOLE /TLBID:1 /DYNAMICBASE /NXCOMPAT /IMPLIB:"C:\Users\Shruti\documents\visual studio 2012\Projects\ConsoleApplication2\x64\Debug\ConsoleApplication2.lib" /MACHINE:X64 x64\Debug\asm.obj
         x64\Debug\classicdesc.obj
         x64\Debug\convshape.obj
         x64\Debug\err.obj
         x64\Debug\eyedet.obj
         x64\Debug\eyedist.obj
         x64\Debug\faceroi.obj
         x64\Debug\hat.obj
         x64\Debug\hatdesc.obj
         x64\Debug\landmarks.obj
         x64\Debug\misc.obj
         x64\Debug\facedet.obj
         x64\Debug\initasm.obj
         x64\Debug\pinstart.obj
         x64\Debug\print.obj
         x64\Debug\shape17.obj
         x64\Debug\shapehacks.obj
         x64\Debug\shapemod.obj
         x64\Debug\startshape.obj
         x64\Debug\stasm.obj
         x64\Debug\stasm_lib.obj
         x64\Debug\facedetection.obj
         x64\Debug\svmClassifier.obj
         x64\Debug\Source.obj
         x64\Debug\Source1.obj
         x64\Debug\Source2.obj
         ConsoleApplication2.vcxproj -> C:\Users\Shruti\documents\visual studio 2012\Projects\ConsoleApplication2\x64\Debug\ConsoleApplication2.exe
     1>Done Building Project "C:\Users\Shruti\documents\visual studio 2012\Projects\ConsoleApplication2\ConsoleApplication2\ConsoleApplication2.vcxproj" (Build target(s)).

Build succeeded.

Time Elapsed 00:00:00.66
